六月 08, 2015 11:13:40 上午 org.apache.catalina.core.ApplicationContext log
信息: No Spring WebApplicationInitializer types detected on classpath
六月 08, 2015 11:24:20 上午 org.apache.catalina.core.ApplicationContext log
信息: Initializing Spring root WebApplicationContext
六月 08, 2015 11:24:24 上午 org.apache.catalina.core.ApplicationContext log
信息: No Spring WebApplicationInitializer types detected on classpath
六月 08, 2015 11:24:28 上午 org.apache.catalina.core.ApplicationContext log
信息: No Spring WebApplicationInitializer types detected on classpath
六月 08, 2015 11:24:28 上午 org.apache.catalina.core.ApplicationContext log
信息: Initializing Spring root WebApplicationContext
六月 08, 2015 11:24:32 上午 org.apache.catalina.core.ApplicationContext log
信息: No Spring WebApplicationInitializer types detected on classpath
六月 08, 2015 11:24:32 上午 org.apache.catalina.core.ApplicationContext log
信息: Initializing Spring root WebApplicationContext
六月 08, 2015 11:24:35 上午 org.apache.catalina.core.ApplicationContext log
信息: No Spring WebApplicationInitializer types detected on classpath
六月 08, 2015 11:24:39 上午 org.apache.catalina.core.ApplicationContext log
信息: No Spring WebApplicationInitializer types detected on classpath
六月 08, 2015 11:24:39 上午 org.apache.catalina.core.ApplicationContext log
信息: Initializing Spring root WebApplicationContext
六月 08, 2015 11:24:42 上午 org.apache.catalina.core.ApplicationContext log
信息: No Spring WebApplicationInitializer types detected on classpath
六月 08, 2015 11:24:47 上午 org.apache.catalina.core.ApplicationContext log
信息: No Spring WebApplicationInitializer types detected on classpath
六月 08, 2015 11:24:47 上午 org.apache.catalina.core.ApplicationContext log
信息: Initializing Spring root WebApplicationContext
六月 08, 2015 11:24:53 上午 org.apache.catalina.core.ApplicationContext log
信息: No Spring WebApplicationInitializer types detected on classpath
六月 08, 2015 11:24:53 上午 org.apache.catalina.core.ApplicationContext log
信息: Initializing Spring root WebApplicationContext
六月 08, 2015 11:24:54 上午 org.apache.catalina.core.ApplicationContext log
信息: Initializing Spring FrameworkServlet 'springapp'
六月 08, 2015 11:24:58 上午 org.apache.catalina.core.ApplicationContext log
信息: No Spring WebApplicationInitializer types detected on classpath
六月 08, 2015 11:24:58 上午 org.apache.catalina.core.ApplicationContext log
信息: Initializing Spring root WebApplicationContext
六月 08, 2015 11:25:01 上午 org.apache.catalina.core.ApplicationContext log
信息: No Spring WebApplicationInitializer types detected on classpath
六月 08, 2015 11:25:01 上午 org.apache.catalina.core.ApplicationContext log
信息: Initializing Spring root WebApplicationContext
六月 08, 2015 11:25:05 上午 org.apache.catalina.core.ApplicationContext log
信息: No Spring WebApplicationInitializer types detected on classpath
六月 08, 2015 11:25:05 上午 org.apache.catalina.core.ApplicationContext log
信息: Initializing Spring root WebApplicationContext
六月 08, 2015 11:25:09 上午 org.apache.catalina.core.ApplicationContext log
信息: No Spring WebApplicationInitializer types detected on classpath
六月 08, 2015 11:25:09 上午 org.apache.catalina.core.ApplicationContext log
信息: Initializing Spring root WebApplicationContext
六月 08, 2015 11:25:12 上午 org.apache.catalina.core.ApplicationContext log
信息: No Spring WebApplicationInitializer types detected on classpath
六月 08, 2015 11:25:12 上午 org.apache.catalina.core.ApplicationContext log
信息: Initializing Spring root WebApplicationContext
六月 08, 2015 11:25:16 上午 org.apache.catalina.core.ApplicationContext log
信息: No Spring WebApplicationInitializer types detected on classpath
六月 08, 2015 11:25:16 上午 org.apache.catalina.core.ApplicationContext log
信息: Initializing Spring root WebApplicationContext
六月 08, 2015 11:25:19 上午 org.apache.catalina.core.ApplicationContext log
信息: No Spring WebApplicationInitializer types detected on classpath
六月 08, 2015 11:25:23 上午 org.apache.catalina.core.ApplicationContext log
信息: No Spring WebApplicationInitializer types detected on classpath
六月 08, 2015 11:25:23 上午 org.apache.catalina.core.ApplicationContext log
信息: Initializing Spring root WebApplicationContext
六月 08, 2015 11:25:26 上午 org.apache.catalina.core.ApplicationContext log
信息: No Spring WebApplicationInitializer types detected on classpath
六月 08, 2015 11:25:30 上午 org.apache.catalina.core.ApplicationContext log
信息: No Spring WebApplicationInitializer types detected on classpath
六月 08, 2015 11:25:30 上午 org.apache.catalina.core.ApplicationContext log
信息: Initializing Spring root WebApplicationContext
六月 08, 2015 11:25:34 上午 org.apache.catalina.core.ApplicationContext log
信息: No Spring WebApplicationInitializer types detected on classpath
六月 08, 2015 11:25:37 上午 org.apache.catalina.core.ApplicationContext log
信息: No Spring WebApplicationInitializer types detected on classpath
六月 08, 2015 11:25:41 上午 org.apache.catalina.core.ApplicationContext log
信息: No Spring WebApplicationInitializer types detected on classpath
六月 08, 2015 11:25:41 上午 org.apache.catalina.core.ApplicationContext log
信息: Initializing Spring root WebApplicationContext
六月 08, 2015 11:25:45 上午 org.apache.catalina.core.ApplicationContext log
信息: No Spring WebApplicationInitializer types detected on classpath
六月 08, 2015 11:25:49 上午 org.apache.catalina.core.ApplicationContext log
信息: No Spring WebApplicationInitializer types detected on classpath
六月 08, 2015 11:25:49 上午 org.apache.catalina.core.ApplicationContext log
信息: Initializing Spring root WebApplicationContext
六月 08, 2015 11:25:53 上午 org.apache.catalina.core.ApplicationContext log
信息: No Spring WebApplicationInitializer types detected on classpath
六月 08, 2015 11:25:56 上午 org.apache.catalina.core.ApplicationContext log
信息: No Spring WebApplicationInitializer types detected on classpath
六月 08, 2015 11:25:56 上午 org.apache.catalina.core.ApplicationContext log
信息: Initializing Spring root WebApplicationContext
六月 08, 2015 11:25:59 上午 org.apache.catalina.core.ApplicationContext log
信息: No Spring WebApplicationInitializer types detected on classpath
六月 08, 2015 11:26:02 上午 org.apache.catalina.core.ApplicationContext log
信息: No Spring WebApplicationInitializer types detected on classpath
六月 08, 2015 11:26:06 上午 org.apache.catalina.core.ApplicationContext log
信息: No Spring WebApplicationInitializer types detected on classpath
六月 08, 2015 11:26:06 上午 org.apache.catalina.core.ApplicationContext log
信息: Initializing Spring root WebApplicationContext
六月 08, 2015 11:26:10 上午 org.apache.catalina.core.ApplicationContext log
信息: No Spring WebApplicationInitializer types detected on classpath
六月 08, 2015 11:26:10 上午 org.apache.catalina.core.ApplicationContext log
信息: Initializing Spring root WebApplicationContext
六月 08, 2015 11:26:10 上午 org.apache.catalina.core.ApplicationContext log
信息: Initializing Spring FrameworkServlet 'springapp'
六月 08, 2015 11:26:13 上午 org.apache.catalina.core.ApplicationContext log
信息: No Spring WebApplicationInitializer types detected on classpath
六月 08, 2015 11:26:17 上午 org.apache.catalina.core.ApplicationContext log
信息: No Spring WebApplicationInitializer types detected on classpath
六月 08, 2015 11:26:20 上午 org.apache.catalina.core.ApplicationContext log
信息: No Spring WebApplicationInitializer types detected on classpath
六月 08, 2015 11:26:20 上午 org.apache.catalina.core.ApplicationContext log
信息: Initializing Spring root WebApplicationContext
六月 08, 2015 11:26:20 上午 org.apache.catalina.core.ApplicationContext log
信息: Initializing Spring FrameworkServlet 'spring'
六月 08, 2015 11:26:24 上午 org.apache.catalina.core.ApplicationContext log
信息: No Spring WebApplicationInitializer types detected on classpath
六月 08, 2015 11:26:24 上午 org.apache.catalina.core.ApplicationContext log
信息: Initializing Spring root WebApplicationContext
六月 08, 2015 11:26:27 上午 org.apache.catalina.core.ApplicationContext log
信息: No Spring WebApplicationInitializer types detected on classpath
六月 08, 2015 11:26:31 上午 org.apache.catalina.core.ApplicationContext log
信息: No Spring WebApplicationInitializer types detected on classpath
六月 08, 2015 11:26:31 上午 org.apache.catalina.core.ApplicationContext log
信息: Initializing Spring root WebApplicationContext
六月 08, 2015 11:26:35 上午 org.apache.catalina.core.ApplicationContext log
信息: No Spring WebApplicationInitializer types detected on classpath
六月 08, 2015 11:26:39 上午 org.apache.catalina.core.ApplicationContext log
信息: No Spring WebApplicationInitializer types detected on classpath
六月 08, 2015 11:26:39 上午 org.apache.catalina.core.ApplicationContext log
信息: Initializing Spring root WebApplicationContext
六月 08, 2015 11:26:43 上午 org.apache.catalina.core.ApplicationContext log
信息: No Spring WebApplicationInitializer types detected on classpath
六月 08, 2015 11:26:46 上午 org.apache.catalina.core.ApplicationContext log
信息: No Spring WebApplicationInitializer types detected on classpath
六月 08, 2015 11:26:50 上午 org.apache.catalina.core.ApplicationContext log
信息: No Spring WebApplicationInitializer types detected on classpath
六月 08, 2015 11:26:50 上午 org.apache.catalina.core.ApplicationContext log
信息: Initializing Spring root WebApplicationContext
六月 08, 2015 11:26:53 上午 org.apache.catalina.core.ApplicationContext log
信息: No Spring WebApplicationInitializer types detected on classpath
六月 08, 2015 11:26:56 上午 org.apache.catalina.core.ApplicationContext log
信息: No Spring WebApplicationInitializer types detected on classpath
六月 08, 2015 11:27:00 上午 org.apache.catalina.core.ApplicationContext log
信息: No Spring WebApplicationInitializer types detected on classpath
六月 08, 2015 11:27:05 上午 org.apache.catalina.core.ApplicationContext log
信息: No Spring WebApplicationInitializer types detected on classpath
六月 08, 2015 11:27:05 上午 org.apache.catalina.core.ApplicationContext log
信息: Initializing Spring root WebApplicationContext
六月 08, 2015 11:27:09 上午 org.apache.catalina.core.ApplicationContext log
信息: No Spring WebApplicationInitializer types detected on classpath
六月 08, 2015 11:27:09 上午 org.apache.catalina.core.ApplicationContext log
信息: Initializing Spring root WebApplicationContext
六月 08, 2015 11:27:13 上午 org.apache.catalina.core.ApplicationContext log
信息: No Spring WebApplicationInitializer types detected on classpath
六月 08, 2015 11:27:13 上午 org.apache.catalina.core.ApplicationContext log
信息: Initializing Spring root WebApplicationContext
六月 08, 2015 11:27:13 上午 org.apache.catalina.core.ApplicationContext log
信息: Initializing Spring FrameworkServlet 'springapp'
六月 08, 2015 11:27:16 上午 org.apache.catalina.core.ApplicationContext log
信息: No Spring WebApplicationInitializer types detected on classpath
六月 08, 2015 11:27:20 上午 org.apache.catalina.core.ApplicationContext log
信息: No Spring WebApplicationInitializer types detected on classpath
六月 08, 2015 11:27:20 上午 org.apache.catalina.core.ApplicationContext log
信息: Initializing Spring root WebApplicationContext
六月 08, 2015 11:27:20 上午 org.apache.catalina.core.ApplicationContext log
信息: Initializing Spring FrameworkServlet 'springapp'
六月 08, 2015 11:27:24 上午 org.apache.catalina.core.ApplicationContext log
信息: No Spring WebApplicationInitializer types detected on classpath
六月 08, 2015 11:27:24 上午 org.apache.catalina.core.ApplicationContext log
信息: Initializing Spring root WebApplicationContext
六月 08, 2015 11:27:27 上午 org.apache.catalina.core.ApplicationContext log
信息: No Spring WebApplicationInitializer types detected on classpath
六月 08, 2015 11:27:31 上午 org.apache.catalina.core.ApplicationContext log
信息: No Spring WebApplicationInitializer types detected on classpath
六月 08, 2015 11:27:34 上午 org.apache.catalina.core.ApplicationContext log
信息: No Spring WebApplicationInitializer types detected on classpath
六月 08, 2015 11:27:34 上午 org.apache.catalina.core.ApplicationContext log
信息: Initializing Spring root WebApplicationContext
六月 08, 2015 11:27:38 上午 org.apache.catalina.core.ApplicationContext log
信息: No Spring WebApplicationInitializer types detected on classpath
六月 08, 2015 11:27:42 上午 org.apache.catalina.core.ApplicationContext log
信息: No Spring WebApplicationInitializer types detected on classpath
六月 08, 2015 11:27:42 上午 org.apache.catalina.core.ApplicationContext log
信息: Initializing Spring root WebApplicationContext
六月 08, 2015 11:27:46 上午 org.apache.catalina.core.ApplicationContext log
信息: No Spring WebApplicationInitializer types detected on classpath
六月 08, 2015 11:27:46 上午 org.apache.catalina.core.ApplicationContext log
信息: Initializing Spring root WebApplicationContext
六月 08, 2015 11:27:49 上午 org.apache.catalina.core.ApplicationContext log
信息: No Spring WebApplicationInitializer types detected on classpath
六月 08, 2015 11:27:49 上午 org.apache.catalina.core.ApplicationContext log
信息: Initializing Spring root WebApplicationContext
六月 08, 2015 11:27:53 上午 org.apache.catalina.core.ApplicationContext log
信息: No Spring WebApplicationInitializer types detected on classpath
六月 08, 2015 11:27:53 上午 org.apache.catalina.core.ApplicationContext log
信息: Initializing Spring root WebApplicationContext
六月 08, 2015 11:27:53 上午 org.apache.catalina.core.ApplicationContext log
信息: Initializing Spring FrameworkServlet 'springapp'
六月 08, 2015 11:27:57 上午 org.apache.catalina.core.ApplicationContext log
信息: No Spring WebApplicationInitializer types detected on classpath
六月 08, 2015 11:27:57 上午 org.apache.catalina.core.ApplicationContext log
信息: Initializing Spring root WebApplicationContext
六月 08, 2015 11:28:00 上午 org.apache.catalina.core.ApplicationContext log
信息: No Spring WebApplicationInitializer types detected on classpath
六月 08, 2015 11:28:04 上午 org.apache.catalina.core.ApplicationContext log
信息: No Spring WebApplicationInitializer types detected on classpath
六月 08, 2015 11:28:07 上午 org.apache.catalina.core.ApplicationContext log
信息: No Spring WebApplicationInitializer types detected on classpath
六月 08, 2015 11:28:07 上午 org.apache.catalina.core.ApplicationContext log
信息: Initializing Spring root WebApplicationContext
六月 08, 2015 11:28:11 上午 org.apache.catalina.core.ApplicationContext log
信息: No Spring WebApplicationInitializer types detected on classpath
六月 08, 2015 11:28:11 上午 org.apache.catalina.core.ApplicationContext log
信息: Initializing Spring root WebApplicationContext
六月 08, 2015 11:28:14 上午 org.apache.catalina.core.ApplicationContext log
信息: No Spring WebApplicationInitializer types detected on classpath
六月 08, 2015 11:28:14 上午 org.apache.catalina.core.ApplicationContext log
信息: Initializing Spring root WebApplicationContext
六月 08, 2015 11:28:18 上午 org.apache.catalina.core.ApplicationContext log
信息: No Spring WebApplicationInitializer types detected on classpath
六月 08, 2015 11:28:21 上午 org.apache.catalina.core.ApplicationContext log
信息: No Spring WebApplicationInitializer types detected on classpath
六月 08, 2015 11:28:24 上午 org.apache.catalina.core.ApplicationContext log
信息: No Spring WebApplicationInitializer types detected on classpath
六月 08, 2015 11:28:29 上午 org.apache.catalina.core.ApplicationContext log
信息: No Spring WebApplicationInitializer types detected on classpath
六月 08, 2015 11:28:29 上午 org.apache.catalina.core.ApplicationContext log
信息: Initializing Spring root WebApplicationContext
六月 08, 2015 11:28:34 上午 org.apache.catalina.core.ApplicationContext log
信息: No Spring WebApplicationInitializer types detected on classpath
六月 08, 2015 11:28:38 上午 org.apache.catalina.core.ApplicationContext log
信息: No Spring WebApplicationInitializer types detected on classpath
六月 08, 2015 11:28:44 上午 org.apache.catalina.core.ApplicationContext log
信息: No Spring WebApplicationInitializer types detected on classpath
六月 08, 2015 11:28:44 上午 org.apache.catalina.core.ApplicationContext log
信息: Initializing Spring root WebApplicationContext
六月 08, 2015 11:28:48 上午 org.apache.catalina.core.ApplicationContext log
信息: No Spring WebApplicationInitializer types detected on classpath
六月 08, 2015 11:28:48 上午 org.apache.catalina.core.ApplicationContext log
信息: Initializing Spring root WebApplicationContext
六月 08, 2015 11:28:52 上午 org.apache.catalina.core.ApplicationContext log
信息: No Spring WebApplicationInitializer types detected on classpath
六月 08, 2015 11:28:56 上午 org.apache.catalina.core.ApplicationContext log
信息: No Spring WebApplicationInitializer types detected on classpath
六月 08, 2015 11:29:01 上午 org.apache.catalina.core.ApplicationContext log
信息: No Spring WebApplicationInitializer types detected on classpath
六月 08, 2015 11:29:01 上午 org.apache.catalina.core.ApplicationContext log
信息: Initializing Spring root WebApplicationContext
六月 08, 2015 11:29:04 上午 org.apache.catalina.core.ApplicationContext log
信息: No Spring WebApplicationInitializer types detected on classpath
六月 08, 2015 11:29:08 上午 org.apache.catalina.core.ApplicationContext log
信息: No Spring WebApplicationInitializer types detected on classpath
六月 08, 2015 11:29:08 上午 org.apache.catalina.core.ApplicationContext log
信息: Initializing Spring root WebApplicationContext
六月 08, 2015 11:29:12 上午 org.apache.catalina.core.ApplicationContext log
信息: No Spring WebApplicationInitializer types detected on classpath
六月 08, 2015 11:29:12 上午 org.apache.catalina.core.ApplicationContext log
信息: Initializing Spring root WebApplicationContext
六月 08, 2015 11:29:16 上午 org.apache.catalina.core.ApplicationContext log
信息: No Spring WebApplicationInitializer types detected on classpath
六月 08, 2015 11:29:16 上午 org.apache.catalina.core.ApplicationContext log
信息: Initializing Spring root WebApplicationContext
六月 08, 2015 11:29:20 上午 org.apache.catalina.core.ApplicationContext log
信息: No Spring WebApplicationInitializer types detected on classpath
六月 08, 2015 11:29:23 上午 org.apache.catalina.core.ApplicationContext log
信息: No Spring WebApplicationInitializer types detected on classpath
六月 08, 2015 11:29:26 上午 org.apache.catalina.core.ApplicationContext log
信息: No Spring WebApplicationInitializer types detected on classpath
六月 08, 2015 11:29:29 上午 org.apache.catalina.core.ApplicationContext log
信息: No Spring WebApplicationInitializer types detected on classpath
六月 08, 2015 11:29:29 上午 org.apache.catalina.core.ApplicationContext log
信息: Initializing Spring root WebApplicationContext
六月 08, 2015 11:29:32 上午 org.apache.catalina.core.ApplicationContext log
信息: No Spring WebApplicationInitializer types detected on classpath
六月 08, 2015 11:29:32 上午 org.apache.catalina.core.ApplicationContext log
信息: Initializing Spring root WebApplicationContext
六月 08, 2015 11:29:37 上午 org.apache.catalina.core.ApplicationContext log
信息: No Spring WebApplicationInitializer types detected on classpath
六月 08, 2015 11:29:41 上午 org.apache.catalina.core.ApplicationContext log
信息: No Spring WebApplicationInitializer types detected on classpath
六月 08, 2015 11:29:41 上午 org.apache.catalina.core.ApplicationContext log
信息: Initializing Spring root WebApplicationContext
六月 08, 2015 11:29:44 上午 org.apache.catalina.core.ApplicationContext log
信息: No Spring WebApplicationInitializer types detected on classpath
六月 08, 2015 11:29:44 上午 org.apache.catalina.core.ApplicationContext log
信息: Initializing Spring root WebApplicationContext
六月 08, 2015 11:29:48 上午 org.apache.catalina.core.ApplicationContext log
信息: No Spring WebApplicationInitializer types detected on classpath
六月 08, 2015 11:29:48 上午 org.apache.catalina.core.ApplicationContext log
信息: Initializing Spring root WebApplicationContext
六月 08, 2015 11:29:53 上午 org.apache.catalina.core.ApplicationContext log
信息: No Spring WebApplicationInitializer types detected on classpath
六月 08, 2015 11:29:57 上午 org.apache.catalina.core.ApplicationContext log
信息: No Spring WebApplicationInitializer types detected on classpath
六月 08, 2015 11:30:00 上午 org.apache.catalina.core.ApplicationContext log
信息: No Spring WebApplicationInitializer types detected on classpath
六月 08, 2015 11:30:03 上午 org.apache.catalina.core.ApplicationContext log
信息: No Spring WebApplicationInitializer types detected on classpath
六月 08, 2015 11:30:06 上午 org.apache.catalina.core.ApplicationContext log
信息: No Spring WebApplicationInitializer types detected on classpath
六月 08, 2015 11:30:06 上午 org.apache.catalina.core.ApplicationContext log
信息: Initializing Spring root WebApplicationContext
六月 08, 2015 11:30:11 上午 org.apache.catalina.core.ApplicationContext log
信息: No Spring WebApplicationInitializer types detected on classpath
六月 08, 2015 11:30:14 上午 org.apache.catalina.core.ApplicationContext log
信息: No Spring WebApplicationInitializer types detected on classpath
六月 08, 2015 11:30:18 上午 org.apache.catalina.core.ApplicationContext log
信息: No Spring WebApplicationInitializer types detected on classpath
六月 08, 2015 11:30:18 上午 org.apache.catalina.core.ApplicationContext log
信息: Initializing Spring root WebApplicationContext
六月 08, 2015 11:30:22 上午 org.apache.catalina.core.ApplicationContext log
信息: No Spring WebApplicationInitializer types detected on classpath
六月 08, 2015 11:30:22 上午 org.apache.catalina.core.ApplicationContext log
信息: Initializing Spring root WebApplicationContext
六月 08, 2015 11:30:25 上午 org.apache.catalina.core.ApplicationContext log
信息: No Spring WebApplicationInitializer types detected on classpath
六月 08, 2015 11:32:57 上午 org.apache.catalina.core.ApplicationContext log
信息: No context init parameter 'javax.faces.PARTIAL_STATE_SAVING_METHOD' found; no partial state saving method defined, assuming default partial state saving method off.
六月 08, 2015 11:32:57 上午 org.apache.catalina.core.ApplicationContext log
信息: No context init parameter 'javax.faces.PARTIAL_STATE_SAVING_METHOD' found; no partial state saving method defined, assuming default partial state saving method off.
六月 08, 2015 11:32:57 上午 org.apache.catalina.core.ApplicationContext log
信息: No context init parameter 'javax.faces.PARTIAL_STATE_SAVING_METHOD' found; no partial state saving method defined, assuming default partial state saving method off.
六月 08, 2015 11:32:57 上午 org.apache.catalina.core.ApplicationContext log
信息: No context init parameter 'javax.faces.PARTIAL_STATE_SAVING_METHOD' found; no partial state saving method defined, assuming default partial state saving method off.
六月 08, 2015 11:32:57 上午 org.apache.catalina.core.ApplicationContext log
信息: No context init parameter 'javax.faces.PARTIAL_STATE_SAVING_METHOD' found; no partial state saving method defined, assuming default partial state saving method off.
六月 08, 2015 11:32:57 上午 org.apache.catalina.core.ApplicationContext log
信息: No context init parameter 'javax.faces.PARTIAL_STATE_SAVING_METHOD' found; no partial state saving method defined, assuming default partial state saving method off.
六月 08, 2015 11:32:57 上午 org.apache.catalina.core.ApplicationContext log
信息: No context init parameter 'javax.faces.PARTIAL_STATE_SAVING_METHOD' found; no partial state saving method defined, assuming default partial state saving method off.
六月 08, 2015 11:32:57 上午 org.apache.catalina.core.ApplicationContext log
信息: No context init parameter 'javax.faces.PARTIAL_STATE_SAVING_METHOD' found; no partial state saving method defined, assuming default partial state saving method off.
六月 08, 2015 11:32:57 上午 org.apache.catalina.core.ApplicationContext log
信息: No context init parameter 'javax.faces.PARTIAL_STATE_SAVING_METHOD' found; no partial state saving method defined, assuming default partial state saving method off.
六月 08, 2015 11:32:57 上午 org.apache.catalina.core.ApplicationContext log
信息: No context init parameter 'javax.faces.PARTIAL_STATE_SAVING_METHOD' found; no partial state saving method defined, assuming default partial state saving method off.
六月 08, 2015 11:32:57 上午 org.apache.catalina.core.ApplicationContext log
信息: No context init parameter 'javax.faces.PARTIAL_STATE_SAVING_METHOD' found; no partial state saving method defined, assuming default partial state saving method off.
六月 08, 2015 11:32:57 上午 org.apache.catalina.core.ApplicationContext log
信息: No context init parameter 'javax.faces.PARTIAL_STATE_SAVING_METHOD' found; no partial state saving method defined, assuming default partial state saving method off.
六月 08, 2015 11:32:57 上午 org.apache.catalina.core.ApplicationContext log
信息: No context init parameter 'javax.faces.PARTIAL_STATE_SAVING_METHOD' found; no partial state saving method defined, assuming default partial state saving method off.
六月 08, 2015 11:32:57 上午 org.apache.catalina.core.ApplicationContext log
信息: No context init parameter 'javax.faces.PARTIAL_STATE_SAVING_METHOD' found; no partial state saving method defined, assuming default partial state saving method off.
六月 08, 2015 11:32:57 上午 org.apache.catalina.core.ApplicationContext log
信息: No context init parameter 'javax.faces.PARTIAL_STATE_SAVING_METHOD' found; no partial state saving method defined, assuming default partial state saving method off.
六月 08, 2015 11:32:57 上午 org.apache.catalina.core.ApplicationContext log
信息: No context init parameter 'javax.faces.PARTIAL_STATE_SAVING_METHOD' found; no partial state saving method defined, assuming default partial state saving method off.
六月 08, 2015 11:32:57 上午 org.apache.catalina.core.ApplicationContext log
信息: No context init parameter 'javax.faces.PARTIAL_STATE_SAVING_METHOD' found; no partial state saving method defined, assuming default partial state saving method off.
六月 08, 2015 11:32:57 上午 org.apache.catalina.core.ApplicationContext log
信息: No context init parameter 'javax.faces.PARTIAL_STATE_SAVING_METHOD' found; no partial state saving method defined, assuming default partial state saving method off.
六月 08, 2015 11:32:57 上午 org.apache.catalina.core.ApplicationContext log
信息: No context init parameter 'javax.faces.PARTIAL_STATE_SAVING_METHOD' found; no partial state saving method defined, assuming default partial state saving method off.
六月 08, 2015 11:32:57 上午 org.apache.catalina.core.ApplicationContext log
信息: No context init parameter 'javax.faces.PARTIAL_STATE_SAVING_METHOD' found; no partial state saving method defined, assuming default partial state saving method off.
六月 08, 2015 11:32:57 上午 org.apache.catalina.core.ApplicationContext log
信息: No context init parameter 'javax.faces.PARTIAL_STATE_SAVING_METHOD' found; no partial state saving method defined, assuming default partial state saving method off.
六月 08, 2015 11:32:58 上午 org.apache.catalina.core.ApplicationContext log
信息: No context init parameter 'javax.faces.PARTIAL_STATE_SAVING_METHOD' found; no partial state saving method defined, assuming default partial state saving method off.
六月 08, 2015 11:32:58 上午 org.apache.catalina.core.ApplicationContext log
信息: No context init parameter 'javax.faces.PARTIAL_STATE_SAVING_METHOD' found; no partial state saving method defined, assuming default partial state saving method off.
六月 08, 2015 11:32:58 上午 org.apache.catalina.core.ApplicationContext log
信息: No context init parameter 'javax.faces.PARTIAL_STATE_SAVING_METHOD' found; no partial state saving method defined, assuming default partial state saving method off.
六月 08, 2015 11:32:58 上午 org.apache.catalina.core.ApplicationContext log
信息: No context init parameter 'javax.faces.PARTIAL_STATE_SAVING_METHOD' found; no partial state saving method defined, assuming default partial state saving method off.
六月 08, 2015 11:32:58 上午 org.apache.catalina.core.ApplicationContext log
信息: No context init parameter 'javax.faces.PARTIAL_STATE_SAVING_METHOD' found; no partial state saving method defined, assuming default partial state saving method off.
六月 08, 2015 11:32:58 上午 org.apache.catalina.core.ApplicationContext log
信息: No context init parameter 'javax.faces.PARTIAL_STATE_SAVING_METHOD' found; no partial state saving method defined, assuming default partial state saving method off.
六月 08, 2015 11:32:58 上午 org.apache.catalina.core.ApplicationContext log
信息: No context init parameter 'javax.faces.PARTIAL_STATE_SAVING_METHOD' found; no partial state saving method defined, assuming default partial state saving method off.
六月 08, 2015 11:32:58 上午 org.apache.catalina.core.ApplicationContext log
信息: No context init parameter 'javax.faces.PARTIAL_STATE_SAVING_METHOD' found; no partial state saving method defined, assuming default partial state saving method off.
六月 08, 2015 11:32:58 上午 org.apache.catalina.core.ApplicationContext log
信息: No context init parameter 'javax.faces.PARTIAL_STATE_SAVING_METHOD' found; no partial state saving method defined, assuming default partial state saving method off.
六月 08, 2015 11:32:58 上午 org.apache.catalina.core.ApplicationContext log
信息: No context init parameter 'javax.faces.PARTIAL_STATE_SAVING_METHOD' found; no partial state saving method defined, assuming default partial state saving method off.
六月 08, 2015 11:32:58 上午 org.apache.catalina.core.ApplicationContext log
信息: No context init parameter 'javax.faces.PARTIAL_STATE_SAVING_METHOD' found; no partial state saving method defined, assuming default partial state saving method off.
六月 08, 2015 11:32:58 上午 org.apache.catalina.core.ApplicationContext log
信息: No context init parameter 'javax.faces.PARTIAL_STATE_SAVING_METHOD' found; no partial state saving method defined, assuming default partial state saving method off.
六月 08, 2015 11:32:58 上午 org.apache.catalina.core.ApplicationContext log
信息: No context init parameter 'javax.faces.PARTIAL_STATE_SAVING_METHOD' found; no partial state saving method defined, assuming default partial state saving method off.
六月 08, 2015 11:32:58 上午 org.apache.catalina.core.ApplicationContext log
信息: No context init parameter 'javax.faces.PARTIAL_STATE_SAVING_METHOD' found; no partial state saving method defined, assuming default partial state saving method off.
六月 08, 2015 11:32:58 上午 org.apache.catalina.core.ApplicationContext log
信息: No context init parameter 'javax.faces.PARTIAL_STATE_SAVING_METHOD' found; no partial state saving method defined, assuming default partial state saving method off.
六月 08, 2015 11:32:58 上午 org.apache.catalina.core.ApplicationContext log
信息: No context init parameter 'javax.faces.PARTIAL_STATE_SAVING_METHOD' found; no partial state saving method defined, assuming default partial state saving method off.
六月 08, 2015 11:32:58 上午 org.apache.catalina.core.ApplicationContext log
信息: No context init parameter 'javax.faces.PARTIAL_STATE_SAVING_METHOD' found; no partial state saving method defined, assuming default partial state saving method off.
六月 08, 2015 11:32:58 上午 org.apache.catalina.core.ApplicationContext log
信息: No context init parameter 'javax.faces.PARTIAL_STATE_SAVING_METHOD' found; no partial state saving method defined, assuming default partial state saving method off.
六月 08, 2015 11:41:16 上午 org.apache.catalina.core.ApplicationContext log
信息: Closing Spring root WebApplicationContext
六月 08, 2015 11:41:16 上午 org.apache.catalina.core.ApplicationContext log
信息: Destroying Spring FrameworkServlet 'spring'
六月 08, 2015 11:41:16 上午 org.apache.catalina.core.ApplicationContext log
信息: Closing Spring root WebApplicationContext
六月 08, 2015 11:41:16 上午 org.apache.catalina.core.ApplicationContext log
信息: Closing Spring root WebApplicationContext
六月 08, 2015 11:41:16 上午 org.apache.catalina.core.ApplicationContext log
信息: Closing Spring root WebApplicationContext
六月 08, 2015 11:41:16 上午 org.apache.catalina.core.ApplicationContext log
信息: Destroying Spring FrameworkServlet 'springapp'
六月 08, 2015 11:41:16 上午 org.apache.catalina.core.ApplicationContext log
信息: Closing Spring root WebApplicationContext
六月 08, 2015 11:41:16 上午 org.apache.catalina.core.ApplicationContext log
信息: Closing Spring root WebApplicationContext
六月 08, 2015 11:41:16 上午 org.apache.catalina.core.ApplicationContext log
信息: Closing Spring root WebApplicationContext
六月 08, 2015 11:41:16 上午 org.apache.catalina.core.ApplicationContext log
信息: Closing Spring root WebApplicationContext
六月 08, 2015 11:41:16 上午 org.apache.catalina.core.ApplicationContext log
信息: Closing Spring root WebApplicationContext
六月 08, 2015 11:41:16 上午 org.apache.catalina.core.ApplicationContext log
信息: Closing Spring root WebApplicationContext
六月 08, 2015 11:41:16 上午 org.apache.catalina.core.ApplicationContext log
信息: Closing Spring root WebApplicationContext
六月 08, 2015 11:41:16 上午 org.apache.catalina.core.ApplicationContext log
信息: Closing Spring root WebApplicationContext
六月 08, 2015 11:41:16 上午 org.apache.catalina.core.ApplicationContext log
信息: Closing Spring root WebApplicationContext
六月 08, 2015 11:41:16 上午 org.apache.catalina.core.ApplicationContext log
信息: Closing Spring root WebApplicationContext
六月 08, 2015 11:41:16 上午 org.apache.catalina.core.ApplicationContext log
信息: Closing Spring root WebApplicationContext
六月 08, 2015 11:41:16 上午 org.apache.catalina.core.ApplicationContext log
信息: Closing Spring root WebApplicationContext
六月 08, 2015 11:41:16 上午 org.apache.catalina.core.ApplicationContext log
信息: Closing Spring root WebApplicationContext
六月 08, 2015 11:41:16 上午 org.apache.catalina.core.ApplicationContext log
信息: Destroying Spring FrameworkServlet 'springapp'
六月 08, 2015 11:41:16 上午 org.apache.catalina.core.ApplicationContext log
信息: Closing Spring root WebApplicationContext
六月 08, 2015 11:41:17 上午 org.apache.catalina.core.ApplicationContext log
信息: Closing Spring root WebApplicationContext
六月 08, 2015 11:41:17 上午 org.apache.catalina.core.ApplicationContext log
信息: Closing Spring root WebApplicationContext
六月 08, 2015 11:41:17 上午 org.apache.catalina.core.ApplicationContext log
信息: Closing Spring root WebApplicationContext
六月 08, 2015 11:41:17 上午 org.apache.catalina.core.ApplicationContext log
信息: Destroying Spring FrameworkServlet 'springapp'
六月 08, 2015 11:41:17 上午 org.apache.catalina.core.ApplicationContext log
信息: Closing Spring root WebApplicationContext
六月 08, 2015 11:41:17 上午 org.apache.catalina.core.ApplicationContext log
信息: Closing Spring root WebApplicationContext
六月 08, 2015 11:41:17 上午 org.apache.catalina.core.ApplicationContext log
信息: Closing Spring root WebApplicationContext
六月 08, 2015 11:41:17 上午 org.apache.catalina.core.ApplicationContext log
信息: Closing Spring root WebApplicationContext
六月 08, 2015 11:41:17 上午 org.apache.catalina.core.ApplicationContext log
信息: Closing Spring root WebApplicationContext
六月 08, 2015 11:41:17 上午 org.apache.catalina.core.ApplicationContext log
信息: Closing Spring root WebApplicationContext
六月 08, 2015 11:41:17 上午 org.apache.catalina.core.ApplicationContext log
信息: Closing Spring root WebApplicationContext
六月 08, 2015 11:41:17 上午 org.apache.catalina.core.ApplicationContext log
信息: Closing Spring root WebApplicationContext
六月 08, 2015 11:41:17 上午 org.apache.catalina.core.ApplicationContext log
信息: Closing Spring root WebApplicationContext
六月 08, 2015 11:41:17 上午 org.apache.catalina.core.ApplicationContext log
信息: Closing Spring root WebApplicationContext
六月 08, 2015 11:41:17 上午 org.apache.catalina.core.ApplicationContext log
信息: Closing Spring root WebApplicationContext
六月 08, 2015 11:41:17 上午 org.apache.catalina.core.ApplicationContext log
信息: Closing Spring root WebApplicationContext
六月 08, 2015 11:41:17 上午 org.apache.catalina.core.ApplicationContext log
信息: Closing Spring root WebApplicationContext
六月 08, 2015 11:41:17 上午 org.apache.catalina.core.ApplicationContext log
信息: Closing Spring root WebApplicationContext
六月 08, 2015 11:41:17 上午 org.apache.catalina.core.ApplicationContext log
信息: Closing Spring root WebApplicationContext
六月 08, 2015 11:41:17 上午 org.apache.catalina.core.ApplicationContext log
信息: Closing Spring root WebApplicationContext
六月 08, 2015 11:41:17 上午 org.apache.catalina.core.ApplicationContext log
信息: Closing Spring root WebApplicationContext
六月 08, 2015 11:41:17 上午 org.apache.catalina.core.ApplicationContext log
信息: Closing Spring root WebApplicationContext
六月 08, 2015 11:41:17 上午 org.apache.catalina.core.ApplicationContext log
信息: Closing Spring root WebApplicationContext
六月 08, 2015 11:41:17 上午 org.apache.catalina.core.ApplicationContext log
信息: Closing Spring root WebApplicationContext
六月 08, 2015 11:41:17 上午 org.apache.catalina.core.ApplicationContext log
信息: Closing Spring root WebApplicationContext
六月 08, 2015 11:41:17 上午 org.apache.catalina.core.ApplicationContext log
信息: Closing Spring root WebApplicationContext
六月 08, 2015 11:41:17 上午 org.apache.catalina.core.ApplicationContext log
信息: Closing Spring root WebApplicationContext
六月 08, 2015 11:41:17 上午 org.apache.catalina.core.ApplicationContext log
信息: Closing Spring root WebApplicationContext
六月 08, 2015 11:41:17 上午 org.apache.catalina.core.ApplicationContext log
信息: Closing Spring root WebApplicationContext
六月 08, 2015 11:41:17 上午 org.apache.catalina.core.ApplicationContext log
信息: Closing Spring root WebApplicationContext
六月 08, 2015 11:41:17 上午 org.apache.catalina.core.ApplicationContext log
信息: Closing Spring root WebApplicationContext
六月 08, 2015 11:41:17 上午 org.apache.catalina.core.ApplicationContext log
信息: Closing Spring root WebApplicationContext
六月 08, 2015 11:41:17 上午 org.apache.catalina.core.ApplicationContext log
信息: Closing Spring root WebApplicationContext
六月 08, 2015 11:41:17 上午 org.apache.catalina.core.ApplicationContext log
信息: Destroying Spring FrameworkServlet 'springapp'
六月 08, 2015 11:41:17 上午 org.apache.catalina.core.ApplicationContext log
信息: Closing Spring root WebApplicationContext
六月 08, 2015 11:41:17 上午 org.apache.catalina.core.ApplicationContext log
信息: Closing Spring root WebApplicationContext
六月 08, 2015 11:41:17 上午 org.apache.catalina.core.ApplicationContext log
信息: Destroying Spring FrameworkServlet 'springapp'
六月 08, 2015 11:41:17 上午 org.apache.catalina.core.ApplicationContext log
信息: Closing Spring root WebApplicationContext
